<?xml version="1.0" encoding="UTF-8"?>
<!-- Generated by org.testng.reporters.JUnitXMLReporter -->
<testsuite ignored="0" hostname="archlinux" failures="0" tests="11" name="CadastroTest" time="20.74" errors="0" timestamp="2026-01-29T03:57:10 BRT">
  <testcase classname="com.example.test.CadastroTest" name="testCamposFormularioVisiveis" time="0.1"/>
  <testcase classname="com.example.test.CadastroTest" name="testNavegacaoCadastro" time="0.064"/>
  <testcase classname="com.example.test.CadastroTest" name="testRegistroComPrecoNegativo" time="11.125"/>
  <testcase classname="com.example.test.CadastroTest" name="testRegistroProdutoParametrizado" time="0.367"/>
  <testcase classname="com.example.test.CadastroTest" name="testRegistroProdutoParametrizado" time="0.191"/>
  <testcase classname="com.example.test.CadastroTest" name="testRegistroProdutoParametrizado" time="0.233"/>
  <testcase classname="com.example.test.CadastroTest" name="testRegistroProdutoParametrizado" time="0.162"/>
  <testcase classname="com.example.test.CadastroTest" name="testRegistroProdutoParametrizado" time="0.179"/>
  <testcase classname="com.example.test.CadastroTest" name="testRegistroProdutoParametrizado" time="0.162"/>
  <testcase classname="com.example.test.CadastroTest" name="testRegistroProdutoSucesso" time="0.209"/>
  <testcase classname="com.example.test.CadastroTest" name="testRegistroSemNome" time="0.163"/>
</testsuite> <!-- CadastroTest -->
