<?xml version="1.0" encoding="UTF-8"?>
<!-- Generated by org.testng.reporters.JUnitXMLReporter -->
<testsuite ignored="0" hostname="archlinux" failures="0" tests="7" name="EditarTest" time="15.519" errors="0" timestamp="2026-01-29T03:57:25 BRT">
  <testcase classname="com.example.test.EditarTest" name="testAtualizacaoComPrecoNegativo" time="10.232"/>
  <testcase classname="com.example.test.EditarTest" name="testAtualizacaoProdutoSucesso" time="0.552"/>
  <testcase classname="com.example.test.EditarTest" name="testAtualizacaoSemNome" time="0.202"/>
  <testcase classname="com.example.test.EditarTest" name="testCancelarEdicao" time="0.085"/>
  <testcase classname="com.example.test.EditarTest" name="testEdicaoProdutoNaoExistente" time="0.038"/>
  <testcase classname="com.example.test.EditarTest" name="testFormularioPreaPreenchido" time="0.054"/>
  <testcase classname="com.example.test.EditarTest" name="testNavegacaoEdicao" time="0.06"/>
</testsuite> <!-- EditarTest -->
