<?xml version="1.0" encoding="UTF-8"?>
<!-- Generated by org.testng.reporters.JUnitXMLReporter -->
<testsuite ignored="0" hostname="archlinux" failures="0" tests="6" name="ListarTest" time="16.743" errors="0" timestamp="2026-01-29T03:56:49 BRT">
  <testcase classname="com.example.test.ListarTest" name="testCadastrarNovoNavegacao" time="1.562"/>
  <testcase classname="com.example.test.ListarTest" name="testDadosProdutoExibidos" time="0.028"/>
  <testcase classname="com.example.test.ListarTest" name="testListaProdutosNaoVazia" time="0.183"/>
  <testcase classname="com.example.test.ListarTest" name="testMensagemSucessoNaoVisivel" time="10.048"/>
  <testcase classname="com.example.test.ListarTest" name="testPrecoProdutoExibido" time="0.028"/>
  <testcase classname="com.example.test.ListarTest" name="testTabelaProdutosVisivel" time="0.027"/>
</testsuite> <!-- ListarTest -->
