<?xml version="1.0" encoding="UTF-8"?>
<!-- Generated by org.testng.reporters.JUnitReportReporter -->
<testsuite hostname="archlinux" failures="0" tests="11" name="com.example.test.CadastroTest" time="20.731" errors="0" timestamp="2026-01-29T03:57:51 BRT" skipped="0">
  <testcase classname="com.example.test.CadastroTest" name="testRegistroProdutoParametrizado" time="0.913"/>
  <testcase classname="com.example.test.CadastroTest" name="testCamposFormularioVisiveis" time="0.710"/>
  <testcase classname="com.example.test.CadastroTest" name="testRegistroProdutoParametrizado" time="0.760"/>
  <testcase classname="com.example.test.CadastroTest" name="testRegistroComPrecoNegativo" time="11.746"/>
  <testcase classname="com.example.test.CadastroTest" name="testRegistroSemNome" time="0.828"/>
  <testcase classname="com.example.test.CadastroTest" name="testRegistroProdutoSucesso" time="0.858"/>
  <testcase classname="com.example.test.CadastroTest" name="testRegistroProdutoParametrizado" time="1.181"/>
  <testcase classname="com.example.test.CadastroTest" name="testRegistroProdutoParametrizado" time="1.069"/>
  <testcase classname="com.example.test.CadastroTest" name="testRegistroProdutoParametrizado" time="0.845"/>
  <testcase classname="com.example.test.CadastroTest" name="testNavegacaoCadastro" time="1.023"/>
  <testcase classname="com.example.test.CadastroTest" name="testRegistroProdutoParametrizado" time="0.798"/>
</testsuite> <!-- com.example.test.CadastroTest -->
