<?xml version="1.0" encoding="UTF-8"?>
<!-- Generated by org.testng.reporters.JUnitReportReporter -->
<testsuite hostname="archlinux" failures="0" tests="6" name="com.example.test.ListarTest" time="16.728" errors="0" timestamp="2026-01-29T03:57:51 BRT" skipped="0">
  <testcase classname="com.example.test.ListarTest" name="testCadastrarNovoNavegacao" time="2.796"/>
  <testcase classname="com.example.test.ListarTest" name="testDadosProdutoExibidos" time="0.759"/>
  <testcase classname="com.example.test.ListarTest" name="testMensagemSucessoNaoVisivel" time="10.768"/>
  <testcase classname="com.example.test.ListarTest" name="testTabelaProdutosVisivel" time="0.730"/>
  <testcase classname="com.example.test.ListarTest" name="testListaProdutosNaoVazia" time="0.963"/>
  <testcase classname="com.example.test.ListarTest" name="testPrecoProdutoExibido" time="0.712"/>
</testsuite> <!-- com.example.test.ListarTest -->
