<?xml version="1.0" encoding="UTF-8"?>
<!-- Generated by org.testng.reporters.JUnitReportReporter -->
<testsuite hostname="archlinux" failures="0" tests="7" name="com.example.test.EditarTest" time="15.514" errors="0" timestamp="2026-01-29T03:57:51 BRT" skipped="0">
  <testcase classname="com.example.test.EditarTest" name="testAtualizacaoSemNome" time="0.877"/>
  <testcase classname="com.example.test.EditarTest" name="testAtualizacaoProdutoSucesso" time="1.267"/>
  <testcase classname="com.example.test.EditarTest" name="testFormularioPreaPreenchido" time="0.609"/>
  <testcase classname="com.example.test.EditarTest" name="testAtualizacaoComPrecoNegativo" time="10.776"/>
  <testcase classname="com.example.test.EditarTest" name="testCancelarEdicao" time="0.760"/>
  <testcase classname="com.example.test.EditarTest" name="testEdicaoProdutoNaoExistente" time="0.575"/>
  <testcase classname="com.example.test.EditarTest" name="testNavegacaoEdicao" time="0.650"/>
</testsuite> <!-- com.example.test.EditarTest -->
